[7;33m************* Module api_client[0m
helpers\api_client.py:64:0: W0613: [35mUnused argument 'args'[0m ([35munused-argument[0m)
helpers\api_client.py:64:0: W0613: [35mUnused argument 'kwargs'[0m ([35munused-argument[0m)
[7;33m************* Module BaseTest[0m
tests\BaseTest.py:1:0: C0103: [1mModule name "BaseTest" doesn't conform to snake_case naming style[0m ([1minvalid-name[0m)
tests\BaseTest.py:6:0: R0903: [1;3;35mToo few public methods (1/2)[0m ([1;3;35mtoo-few-public-methods[0m)
[7;33m************* Module test_delete_book[0m
tests\test_delete_book.py:15:55: W0613: [35mUnused argument 'init_api_client'[0m ([35munused-argument[0m)
[7;33m************* Module test_get_book[0m
tests\test_get_book.py:31:4: C0116: [1mMissing function or method docstring[0m ([1mmissing-function-docstring[0m)
tests\test_get_book.py:38:4: C0116: [1mMissing function or method docstring[0m ([1mmissing-function-docstring[0m)
tests\test_get_book.py:38:38: W0613: [35mUnused argument 'init_api_client'[0m ([35munused-argument[0m)
tests\test_get_book.py:48:4: C0116: [1mMissing function or method docstring[0m ([1mmissing-function-docstring[0m)
tests\test_get_book.py:54:4: C0116: [1mMissing function or method docstring[0m ([1mmissing-function-docstring[0m)
tests\test_get_book.py:75:4: C0116: [1mMissing function or method docstring[0m ([1mmissing-function-docstring[0m)
tests\test_get_book.py:82:4: C0116: [1mMissing function or method docstring[0m ([1mmissing-function-docstring[0m)
tests\test_get_book.py:88:4: C0116: [1mMissing function or method docstring[0m ([1mmissing-function-docstring[0m)
tests\test_get_book.py:93:4: C0116: [1mMissing function or method docstring[0m ([1mmissing-function-docstring[0m)
tests\test_get_book.py:98:4: C0116: [1mMissing function or method docstring[0m ([1mmissing-function-docstring[0m)
tests\test_get_book.py:104:4: C0116: [1mMissing function or method docstring[0m ([1mmissing-function-docstring[0m)
tests\test_get_book.py:109:4: C0116: [1mMissing function or method docstring[0m ([1mmissing-function-docstring[0m)
tests\test_get_book.py:114:4: C0116: [1mMissing function or method docstring[0m ([1mmissing-function-docstring[0m)
tests\test_get_book.py:120:4: C0116: [1mMissing function or method docstring[0m ([1mmissing-function-docstring[0m)
[7;33m************* Module test_update_book[0m
tests\test_update_book.py:13:50: W0613: [35mUnused argument 'init_api_client'[0m ([35munused-argument[0m)
tests\test_update_book.py:30:8: R1705: [1;3;35mUnnecessary "elif" after "return", remove the leading "el" from "elif"[0m ([1;3;35mno-else-return[0m)
[7;33m************* Module conftest[0m
conftest.py:16:34: W0613: [35mUnused argument 'exitstatus'[0m ([35munused-argument[0m)


Report
======
259 statements analysed.

Statistics by type
------------------

+---------+-------+-----------+-----------+------------+---------+
|type     |number |old number |difference |%documented |%badname |
+=========+=======+===========+===========+============+=========+
|module   |8      |NC         |NC         |100.00      |12.50    |
+---------+-------+-----------+-----------+------------+---------+
|class    |7      |NC         |NC         |100.00      |0.00     |
+---------+-------+-----------+-----------+------------+---------+
|method   |42     |NC         |NC         |69.05       |0.00     |
+---------+-------+-----------+-----------+------------+---------+
|function |8      |NC         |NC         |100.00      |0.00     |
+---------+-------+-----------+-----------+------------+---------+



External dependencies
---------------------
::

    helpers 
      \-api_client (BaseTest,conftest)
      \-validator (test_create_book,test_delete_book,test_get_book,test_update_book)
    pytest (BaseTest,conftest,test_create_book,test_delete_book,test_get_book,test_update_book)
    requests (api_client,validator)
      \-adapters (api_client)
    tests 
      \-BaseTest (test_create_book,test_delete_book,test_get_book,test_update_book)
    urllib3 
      \-util 
        \-retry (api_client)



523 lines have been analyzed

Raw metrics
-----------

+----------+-------+------+---------+-----------+
|type      |number |%     |previous |difference |
+==========+=======+======+=========+===========+
|code      |377    |72.08 |NC       |NC         |
+----------+-------+------+---------+-----------+
|docstring |66     |12.62 |NC       |NC         |
+----------+-------+------+---------+-----------+
|comment   |1      |0.19  |NC       |NC         |
+----------+-------+------+---------+-----------+
|empty     |79     |15.11 |NC       |NC         |
+----------+-------+------+---------+-----------+



Duplication
-----------

+-------------------------+------+---------+-----------+
|                         |now   |previous |difference |
+=========================+======+=========+===========+
|nb duplicated lines      |0     |NC       |NC         |
+-------------------------+------+---------+-----------+
|percent duplicated lines |0.000 |NC       |NC         |
+-------------------------+------+---------+-----------+



Messages by category
--------------------

+-----------+-------+---------+-----------+
|type       |number |previous |difference |
+===========+=======+=========+===========+
|convention |14     |NC       |NC         |
+-----------+-------+---------+-----------+
|refactor   |2      |NC       |NC         |
+-----------+-------+---------+-----------+
|warning    |6      |NC       |NC         |
+-----------+-------+---------+-----------+
|error      |0      |NC       |NC         |
+-----------+-------+---------+-----------+



% errors / warnings by module
-----------------------------

+-----------------+------+--------+---------+-----------+
|module           |error |warning |refactor |convention |
+=================+======+========+=========+===========+
|api_client       |0.00  |33.33   |0.00     |0.00       |
+-----------------+------+--------+---------+-----------+
|test_update_book |0.00  |16.67   |50.00    |0.00       |
+-----------------+------+--------+---------+-----------+
|test_get_book    |0.00  |16.67   |0.00     |92.86      |
+-----------------+------+--------+---------+-----------+
|test_delete_book |0.00  |16.67   |0.00     |0.00       |
+-----------------+------+--------+---------+-----------+
|conftest         |0.00  |16.67   |0.00     |0.00       |
+-----------------+------+--------+---------+-----------+
|BaseTest         |0.00  |0.00    |50.00    |7.14       |
+-----------------+------+--------+---------+-----------+



Messages
--------

+---------------------------+------------+
|message id                 |occurrences |
+===========================+============+
|missing-function-docstring |13          |
+---------------------------+------------+
|unused-argument            |6           |
+---------------------------+------------+
|too-few-public-methods     |1           |
+---------------------------+------------+
|no-else-return             |1           |
+---------------------------+------------+
|invalid-name               |1           |
+---------------------------+------------+




-----------------------------------
Your code has been rated at 9.15/10

